TACC: Starting up job 5057379
TACC: Setting up parallel environment for MVAPICH2+mpispawn.
TACC: Starting parallel tasks...
***(Rank 0): local_vec Output:
(Rank 0): 1    100.00
(Rank 0): 2    100.00
***(Rank 1): local_vec Output:
(Rank 1): 1    101.00
(Rank 1): 2    101.00
***(Rank 2): local_vec Output:
(Rank 2): 1    102.00
(Rank 2): 2    102.00
***(Rank 3): local_vec Output:
(Rank 3): 1    103.00
(Rank 3): 2    103.00
***(Rank 0): master_vec Output:
(Rank 0): 1     -1.00
(Rank 0): 2     -1.00
(Rank 0): 3     -1.00
(Rank 0): 4     -1.00
(Rank 0): 5     -1.00
(Rank 0): 6     -1.00
(Rank 0): 7     -1.00
(Rank 0): 8     -1.00
(Rank 0): The ROOT process is: 2
(Rank 0): Root          Sum:      0.00
(Rank 0): MPI_AllReduce Sum:    812.00
***(Rank 1): master_vec Output:
(Rank 1): 1     -1.00
(Rank 1): 2     -1.00
(Rank 1): 3     -1.00
(Rank 1): 4     -1.00
(Rank 1): 5     -1.00
(Rank 1): 6     -1.00
(Rank 1): 7     -1.00
(Rank 1): 8     -1.00
(Rank 1): The ROOT process is: 2
(Rank 1): Root          Sum:      0.00
(Rank 1): MPI_AllReduce Sum:    812.00
***(Rank 2): master_vec Output:
(Rank 2): 1    100.00
(Rank 2): 2    100.00
(Rank 2): 3    101.00
(Rank 2): 4    101.00
(Rank 2): 5    102.00
(Rank 2): 6    102.00
(Rank 2): 7    103.00
(Rank 2): 8    103.00
(Rank 2): The ROOT process is: 2
(Rank 2): Root          Sum:    812.00
(Rank 2): MPI_AllReduce Sum:    812.00
***(Rank 3): master_vec Output:
(Rank 3): 1     -1.00
(Rank 3): 2     -1.00
(Rank 3): 3     -1.00
(Rank 3): 4     -1.00
(Rank 3): 5     -1.00
(Rank 3): 6     -1.00
(Rank 3): 7     -1.00
(Rank 3): 8     -1.00
(Rank 3): The ROOT process is: 2
(Rank 3): Root          Sum:      0.00
(Rank 3): MPI_AllReduce Sum:    812.00
 
TACC: Shutdown complete. Exiting.
